(False, 33, "Unit Test Results:\nSome tests failed. Score: 33/100\nOutput: \nErrors: Unhandled Exception: System.IO.FileNotFoundException: Could not load file or assembly 'System.Runtime, Version=9.0.0.0, Culture=neutral, PublicKeyToken=b03f5f7f11d50a3a' or one of its dependencies. The system cannot find the file specified.\n\nINFO: Evaluation based on unit tests only (AI unavailable)")